<?xml version="1.0" encoding="UTF-8"?>
<testsuite xmlns:xsi="http://www.w3.org/2001/XMLSchema-instance" xsi:noNamespaceSchemaLocation="https://maven.apache.org/surefire/maven-surefire-plugin/xsd/surefire-test-report-3.0.xsd" version="3.0" name="Comp603Test" time="0.317" tests="5" errors="0" skipped="0" failures="0">
  <properties>
[...]
</properties>
  <testcase name="testAddStudent" classname="Comp603Test" time="0.261">
    <system-out><![CDATA[Student added.
]]></system-out>
  </testcase>
  <testcase name="testEnrollCourse" classname="Comp603Test" time="0.021">
    <system-out><![CDATA[Student added.
Course added.
Enrollment added.
]]></system-out>
  </testcase>
  <testcase name="testDeleteStudentAlsoDeletesEnrollments" classname="Comp603Test" time="0.014">
    <system-out><![CDATA[Student added.
Course added.
Enrollment added.
All enrollments deleted for student ID 22222222
Student deleted.
]]></system-out>
  </testcase>
  <testcase name="testAddCourse" classname="Comp603Test" time="0.003">
    <system-out><![CDATA[Course added.
]]></system-out>
  </testcase>
  <testcase name="testPreventDuplicateEnrollment" classname="Comp603Test" time="0.008">
    <system-out><![CDATA[Student added.
Course added.
Enrollment added.
]]></system-out>
  </testcase>
</testsuite>